{"C:\\SWENG\\Node-Podman-OpenShift-CI-CD\\covid-vue-app\\server.js": {"path":"C:\\SWENG\\Node-Podman-OpenShift-CI-CD\\covid-vue-app\\server.js","statementMap":{"0":{"start":{"line":1,"column":14},"end":{"line":1,"column":32}},"1":{"start":{"line":3,"column":18},"end":{"line":3,"column":41}},"2":{"start":{"line":4,"column":14},"end":{"line":4,"column":53}},"3":{"start":{"line":6,"column":10},"end":{"line":6,"column":19}},"4":{"start":{"line":7,"column":0},"end":{"line":7,"column":19}},"5":{"start":{"line":9,"column":0},"end":{"line":9,"column":42}},"6":{"start":{"line":11,"column":0},"end":{"line":13,"column":5}},"7":{"start":{"line":12,"column":4},"end":{"line":12,"column":51}},"8":{"start":{"line":15,"column":0},"end":{"line":17,"column":5}},"9":{"start":{"line":16,"column":4},"end":{"line":16,"column":52}},"10":{"start":{"line":19,"column":11},"end":{"line":19,"column":35}},"11":{"start":{"line":20,"column":0},"end":{"line":20,"column":34}}},"fnMap":{"0":{"name":"(anonymous_0)","decl":{"start":{"line":11,"column":13},"end":{"line":11,"column":14}},"loc":{"start":{"line":11,"column":27},"end":{"line":13,"column":3}},"line":11},"1":{"name":"(anonymous_1)","decl":{"start":{"line":15,"column":18},"end":{"line":15,"column":19}},"loc":{"start":{"line":15,"column":32},"end":{"line":17,"column":3}},"line":15}},"branchMap":{"0":{"loc":{"start":{"line":19,"column":11},"end":{"line":19,"column":35}},"type":"binary-expr","locations":[{"start":{"line":19,"column":11},"end":{"line":19,"column":27}},{"start":{"line":19,"column":31},"end":{"line":19,"column":35}}],"line":19}},"s":{"0":1,"1":1,"2":1,"3":1,"4":1,"5":1,"6":1,"7":1,"8":1,"9":1,"10":1,"11":1},"f":{"0":1,"1":1},"b":{"0":[1,1]},"_coverageSchema":"1a1c01bbd47fc00a2c39e90264f33305004495a9","hash":"87353e63c8c34bee15166060ceff3ffaf0c2ad46"}
}
